<?xml version="1.0" ?>
<!DOCTYPE coverage
  SYSTEM 'http://cobertura.sourceforge.net/xml/coverage-03.dtd'>
<coverage branch-rate="0.5576923076923077" line-rate="0.8095238095238095" timestamp="1515106488" version="gcovr 3.3">
<sources>
<source>C:/msys64/var/jenkins/workspace/EnterTheMatrix/src</source>
</sources>
<packages>
<package branch-rate="0.5576923076923077" complexity="0.0" line-rate="0.8095238095238095" name="../src">
<classes>
<class branch-rate="0.5576923076923077" complexity="0.0" filename="../src\Matrix.cpp" line-rate="0.7966101694915254" name="Matrix_cpp">
<methods/>
<lines>
<line branch="false" hits="64" number="15"/>
<line branch="true" condition-coverage="50% (1/2)" hits="32" number="16">
<conditions>
<condition coverage="50%" number="0" type="jump"/>
</conditions>
</line>
<line branch="false" hits="32" number="17"/>
<line branch="false" hits="6" number="20"/>
<line branch="true" condition-coverage="50% (1/2)" hits="3" number="21">
<conditions>
<condition coverage="50%" number="0" type="jump"/>
</conditions>
</line>
<line branch="true" condition-coverage="50% (1/2)" hits="9" number="23">
<conditions>
<condition coverage="50%" number="0" type="jump"/>
</conditions>
</line>
<line branch="true" condition-coverage="100% (2/2)" hits="23" number="24">
<conditions>
<condition coverage="100%" number="0" type="jump"/>
</conditions>
</line>
<line branch="true" condition-coverage="50% (1/2)" hits="10" number="26">
<conditions>
<condition coverage="50%" number="0" type="jump"/>
</conditions>
</line>
<line branch="false" hits="3" number="28"/>
<line branch="false" hits="101" number="31"/>
<line branch="true" condition-coverage="100% (2/2)" hits="202" number="33">
<conditions>
<condition coverage="100%" number="0" type="jump"/>
</conditions>
</line>
<line branch="true" condition-coverage="50% (1/2)" hits="1" number="35">
<conditions>
<condition coverage="50%" number="0" type="jump"/>
</conditions>
</line>
<line branch="true" condition-coverage="100% (2/2)" hits="200" number="37">
<conditions>
<condition coverage="100%" number="0" type="jump"/>
</conditions>
</line>
<line branch="true" condition-coverage="50% (1/2)" hits="1" number="39">
<conditions>
<condition coverage="50%" number="0" type="jump"/>
</conditions>
</line>
<line branch="false" hits="99" number="43"/>
<line branch="false" hits="99" number="45"/>
<line branch="false" hits="0" number="48"/>
<line branch="false" hits="0" number="50"/>
<line branch="false" hits="0" number="51"/>
<line branch="true" condition-coverage="0% (0/2)" hits="0" number="53">
<conditions>
<condition coverage="0%" number="0" type="jump"/>
</conditions>
</line>
<line branch="true" condition-coverage="0% (0/2)" hits="0" number="55">
<conditions>
<condition coverage="0%" number="0" type="jump"/>
</conditions>
</line>
<line branch="false" hits="0" number="57"/>
<line branch="false" hits="0" number="59"/>
<line branch="false" hits="1" number="63"/>
<line branch="true" condition-coverage="50% (1/2)" hits="2" number="66">
<conditions>
<condition coverage="50%" number="0" type="jump"/>
</conditions>
</line>
<line branch="true" condition-coverage="0% (0/2)" hits="0" number="69">
<conditions>
<condition coverage="0%" number="0" type="jump"/>
</conditions>
</line>
<line branch="false" hits="1" number="72"/>
<line branch="false" hits="1" number="73"/>
<line branch="false" hits="1" number="74"/>
<line branch="false" hits="1" number="75"/>
<line branch="true" condition-coverage="100% (2/2)" hits="4" number="77">
<conditions>
<condition coverage="100%" number="0" type="jump"/>
</conditions>
</line>
<line branch="true" condition-coverage="100% (2/2)" hits="27" number="79">
<conditions>
<condition coverage="100%" number="0" type="jump"/>
</conditions>
</line>
<line branch="true" condition-coverage="100% (2/2)" hits="60" number="81">
<conditions>
<condition coverage="100%" number="0" type="jump"/>
</conditions>
</line>
<line branch="false" hits="72" number="83"/>
<line branch="false" hits="192" number="84"/>
<line branch="false" hits="1" number="88"/>
<line branch="false" hits="1" number="91"/>
<line branch="true" condition-coverage="25% (1/4)" hits="2" number="94">
<conditions>
<condition coverage="25%" number="0" type="jump"/>
</conditions>
</line>
<line branch="false" hits="0" number="95"/>
<line branch="true" condition-coverage="0% (0/2)" hits="0" number="97">
<conditions>
<condition coverage="0%" number="0" type="jump"/>
</conditions>
</line>
<line branch="false" hits="1" number="100"/>
<line branch="false" hits="1" number="101"/>
<line branch="false" hits="1" number="102"/>
<line branch="true" condition-coverage="100% (2/2)" hits="10" number="104">
<conditions>
<condition coverage="100%" number="0" type="jump"/>
</conditions>
</line>
<line branch="true" condition-coverage="100% (2/2)" hits="20" number="106">
<conditions>
<condition coverage="100%" number="0" type="jump"/>
</conditions>
</line>
<line branch="false" hits="56" number="108"/>
<line branch="false" hits="1" number="112"/>
<line branch="false" hits="1" number="115"/>
<line branch="true" condition-coverage="25% (1/4)" hits="2" number="118">
<conditions>
<condition coverage="25%" number="0" type="jump"/>
</conditions>
</line>
<line branch="false" hits="0" number="119"/>
<line branch="true" condition-coverage="0% (0/2)" hits="0" number="121">
<conditions>
<condition coverage="0%" number="0" type="jump"/>
</conditions>
</line>
<line branch="false" hits="1" number="124"/>
<line branch="false" hits="1" number="125"/>
<line branch="false" hits="1" number="126"/>
<line branch="true" condition-coverage="100% (2/2)" hits="8" number="128">
<conditions>
<condition coverage="100%" number="0" type="jump"/>
</conditions>
</line>
<line branch="true" condition-coverage="100% (2/2)" hits="27" number="130">
<conditions>
<condition coverage="100%" number="0" type="jump"/>
</conditions>
</line>
<line branch="false" hits="84" number="132"/>
<line branch="false" hits="1" number="136"/>
<line branch="false" hits="2" number="137"/>
</lines>
</class>
<class branch-rate="0.0" complexity="0.0" filename="../src\Matrix.hpp" line-rate="1.0" name="Matrix_hpp">
<methods/>
<lines>
<line branch="false" hits="41" number="13"/>
<line branch="false" hits="316" number="34"/>
<line branch="false" hits="11" number="36"/>
<line branch="false" hits="7" number="37"/>
</lines>
</class>
</classes>
</package>
</packages>
</coverage>

